<?xml version="1.0" encoding="UTF-8"?>
<!-- Generated by org.testng.reporters.JUnitXMLReporter -->
<testsuite ignored="1" hostname="LAPTOP-B82MBQKE" failures="0" tests="1" name="Default test" time="3.092" errors="0" timestamp="21 Sep 2021 12:05:11 GMT">
  <testcase classname="gitHub.GitHubExample" name="createRepository" time="3.07"/>
  <testcase classname="gitHub.GitHubExample" name="getAllRepositories" time="0.0">
    <ignored/>
  </testcase> <!-- getAllRepositories -->
</testsuite> <!-- Default test -->
